[10082:10082:1205/153005.476511:WARNING:chrome_main_delegate.cc(660)] This is Chrome version 119.0.6045.159 (not a warning)
[10082:10082:1205/153005.568398:INFO:policy_logger.cc(145)] :components/enterprise/browser/controller/chrome_browser_cloud_management_controller.cc(168) Starting CBCM Controller Initialization
[10082:10082:1205/153005.568430:INFO:policy_logger.cc(145)] :components/enterprise/browser/controller/chrome_browser_cloud_management_controller.cc(196) No machine level policy manager exists.
[10082:10082:1205/153005.649163:WARNING:bluez_dbus_manager.cc(247)] Floss manager not present, cannot set Floss enable/disable.
[10082:10082:1205/153005.942050:INFO:CONSOLE(0)] "Error with Permissions-Policy header: Unrecognized feature: 'ambient-light-sensor'.", source:  (0)
[10082:10082:1205/153005.942099:INFO:CONSOLE(0)] "Error with Permissions-Policy header: Unrecognized feature: 'bluetooth'.", source:  (0)
[10121:10121:1205/153006.031300:WARNING:angle_platform_impl.cc(49)] RendererVk.cpp:1962 (initialize): ANGLE VMA version: 2003000
[10121:10121:1205/153006.043641:WARNING:sandbox_linux.cc(400)] InitializeSandbox() called with multiple threads in process gpu-process.
[10082:10082:1205/153006.393622:INFO:CONSOLE(0)] "Error with Permissions-Policy header: Unrecognized feature: 'ambient-light-sensor'.", source:  (0)
[10082:10082:1205/153006.393656:INFO:CONSOLE(0)] "Error with Permissions-Policy header: Unrecognized feature: 'bluetooth'.", source:  (0)
[10082:10101:1205/153006.760802:ERROR:indexed_db_backing_store.cc(760)] IndexedDB Consistency Error: GET_OBJECT_STORES
[10082:10101:1205/153006.760859:ERROR:indexed_db_backing_store.cc(760)] IndexedDB Consistency Error: GET_OBJECT_STORES
[10082:10101:1205/153006.760867:ERROR:indexed_db_backing_store.cc(760)] IndexedDB Consistency Error: GET_OBJECT_STORES
[10082:10082:1205/153007.648866:INFO:CONSOLE(216)] "Another connection wants to delete database 'wawc_db_enc'. Closing db now to resume the delete request.", source: https://web.whatsapp.com/app.e6352145ea3a831d9908.js (216)
[10082:10082:1205/153007.648984:INFO:CONSOLE(215)] "Another connection wants to delete database 'wawc_db_enc'. Closing db now to resume the delete request.", source: https://web.whatsapp.com/WAWebWorker.5d49685d1f4bf511cd69.worker.js (215)
[10082:10104:1205/153007.684481:ERROR:indexed_db_backing_store.cc(760)] IndexedDB Consistency Error: GET_OBJECT_STORES
[10082:10104:1205/153007.684523:ERROR:indexed_db_backing_store.cc(760)] IndexedDB Consistency Error: GET_OBJECT_STORES
[10082:10104:1205/153007.684530:ERROR:indexed_db_backing_store.cc(760)] IndexedDB Consistency Error: GET_OBJECT_STORES
[10082:10082:1205/153007.797198:INFO:CONSOLE(0)] "Error with Permissions-Policy header: Unrecognized feature: 'ambient-light-sensor'.", source:  (0)
[10082:10082:1205/153007.797385:INFO:CONSOLE(0)] "Error with Permissions-Policy header: Unrecognized feature: 'bluetooth'.", source:  (0)
[10082:10082:1205/153007.935003:INFO:CONSOLE(215)] "Another connection wants to delete database 'wawc'. Closing db now to resume the delete request.", source: https://web.whatsapp.com/serviceworker.js (215)
[10082:10082:1205/153007.935438:INFO:CONSOLE(215)] "Another connection wants to delete database 'wawc'. Closing db now to resume the delete request.", source: https://web.whatsapp.com/serviceworker.js (215)
[10082:10082:1205/153008.231435:INFO:CONSOLE(0)] "Error with Permissions-Policy header: Unrecognized feature: 'ambient-light-sensor'.", source:  (0)
[10082:10082:1205/153008.231473:INFO:CONSOLE(0)] "Error with Permissions-Policy header: Unrecognized feature: 'bluetooth'.", source:  (0)
[10082:10082:1205/153022.648262:WARNING:controller_impl.cc(1190)] Background download complete, client: 6, completion type: 0, file size:265059
[10082:10082:1205/153023.443268:WARNING:controller_impl.cc(1190)] Background download complete, client: 6, completion type: 0, file size:5088
[10082:10082:1205/153028.798595:WARNING:controller_impl.cc(1190)] Background download complete, client: 6, completion type: 0, file size:883094
[10082:10082:1205/153029.776324:WARNING:controller_impl.cc(1190)] Background download complete, client: 6, completion type: 0, file size:45125
[10082:10082:1205/153036.969207:WARNING:controller_impl.cc(1190)] Background download complete, client: 6, completion type: 0, file size:2746900
[10082:10082:1205/153044.874913:WARNING:controller_impl.cc(1190)] Background download complete, client: 6, completion type: 0, file size:33994661
[10122:10140:1205/153349.086259:WARNING:sqlite_persistent_store_backend_base.cc(198)] Failed to post task from FlushAndNotifyInBackground@net/extras/sqlite/sqlite_persistent_store_backend_base.cc:246 to client_task_runner_.
[10122:10140:1205/153349.086315:WARNING:sqlite_persistent_store_backend_base.cc(198)] Failed to post task from FlushAndNotifyInBackground@net/extras/sqlite/sqlite_persistent_store_backend_base.cc:246 to client_task_runner_.
[10082:10082:1205/153349.096405:WARNING:pref_notifier_impl.cc(41)] Pref observer for media_router.cast_allow_all_ips found at shutdown.
